[0.011s] Invoking command in '/home/utsavxth/ros2_ws/build/my_package': CMAKE_PREFIX_PATH=${CMAKE_PREFIX_PATH}:/opt/ros/humble /usr/bin/cmake --build /home/utsavxth/ros2_ws/build/my_package -- -j8 -l8
[0.034s] -- Found ament_cmake: 1.3.8 (/opt/ros/humble/share/ament_cmake/cmake)
[0.212s] -- Found rclcpp: 16.0.8 (/opt/ros/humble/share/rclcpp/cmake)
[0.239s] -- Found rosidl_generator_c: 3.1.5 (/opt/ros/humble/share/rosidl_generator_c/cmake)
[0.241s] -- Found rosidl_adapter: 3.1.5 (/opt/ros/humble/share/rosidl_adapter/cmake)
[0.247s] -- Found rosidl_generator_cpp: 3.1.5 (/opt/ros/humble/share/rosidl_generator_cpp/cmake)
[0.256s] -- Using all available rosidl_typesupport_c: rosidl_typesupport_fastrtps_c;rosidl_typesupport_introspection_c
[0.269s] -- Using all available rosidl_typesupport_cpp: rosidl_typesupport_fastrtps_cpp;rosidl_typesupport_introspection_cpp
[0.322s] -- Found rmw_implementation_cmake: 6.1.1 (/opt/ros/humble/share/rmw_implementation_cmake/cmake)
[0.323s] -- Found rmw_fastrtps_cpp: 6.2.6 (/opt/ros/humble/share/rmw_fastrtps_cpp/cmake)
[0.442s] -- Using RMW implementation 'rmw_fastrtps_cpp' as default
[0.587s] -- Found ament_lint_auto: 0.12.10 (/opt/ros/humble/share/ament_lint_auto/cmake)
[0.660s] -- Added test 'cppcheck' to perform static code analysis on C / C++ code
[0.660s] -- Configured cppcheck include dirs: $<BUILD_INTERFACE:/home/utsavxth/ros2_ws/src/my_package/include>
[0.661s] -- Configured cppcheck exclude dirs and/or files: 
[0.661s] -- Added test 'lint_cmake' to check CMake code style
[0.662s] -- Added test 'uncrustify' to check C / C++ code style
[0.662s] -- Configured uncrustify additional arguments: 
[0.662s] -- Added test 'xmllint' to check XML markup files
[0.662s] -- Configuring done
[0.670s] -- Generating done
[0.673s] -- Build files have been written to: /home/utsavxth/ros2_ws/build/my_package
[0.719s] [35m[1mConsolidate compiler generated dependencies of target my_node[0m
[0.719s] [35m[1mConsolidate compiler generated dependencies of target talker[0m
[0.739s] [ 50%] Built target my_node
[0.749s] [100%] Built target talker
[0.765s] Invoked command in '/home/utsavxth/ros2_ws/build/my_package' returned '0': CMAKE_PREFIX_PATH=${CMAKE_PREFIX_PATH}:/opt/ros/humble /usr/bin/cmake --build /home/utsavxth/ros2_ws/build/my_package -- -j8 -l8
[0.835s] Invoking command in '/home/utsavxth/ros2_ws/build/my_package': CMAKE_PREFIX_PATH=${CMAKE_PREFIX_PATH}:/opt/ros/humble /usr/bin/cmake --install /home/utsavxth/ros2_ws/build/my_package
[0.848s] -- Install configuration: ""
[0.848s] -- Up-to-date: /home/utsavxth/ros2_ws/install/my_package/lib/my_package/my_node
[0.849s] -- Up-to-date: /home/utsavxth/ros2_ws/install/my_package/lib/my_package/talker
[0.850s] -- Up-to-date: /home/utsavxth/ros2_ws/install/my_package/share/ament_index/resource_index/package_run_dependencies/my_package
[0.850s] -- Up-to-date: /home/utsavxth/ros2_ws/install/my_package/share/ament_index/resource_index/parent_prefix_path/my_package
[0.850s] -- Up-to-date: /home/utsavxth/ros2_ws/install/my_package/share/my_package/environment/ament_prefix_path.sh
[0.850s] -- Installing: /home/utsavxth/ros2_ws/install/my_package/share/my_package/environment/ament_prefix_path.dsv
[0.851s] -- Up-to-date: /home/utsavxth/ros2_ws/install/my_package/share/my_package/environment/path.sh
[0.851s] -- Installing: /home/utsavxth/ros2_ws/install/my_package/share/my_package/environment/path.dsv
[0.851s] -- Up-to-date: /home/utsavxth/ros2_ws/install/my_package/share/my_package/local_setup.bash
[0.851s] -- Up-to-date: /home/utsavxth/ros2_ws/install/my_package/share/my_package/local_setup.sh
[0.851s] -- Up-to-date: /home/utsavxth/ros2_ws/install/my_package/share/my_package/local_setup.zsh
[0.851s] -- Installing: /home/utsavxth/ros2_ws/install/my_package/share/my_package/local_setup.dsv
[0.852s] -- Installing: /home/utsavxth/ros2_ws/install/my_package/share/my_package/package.dsv
[0.852s] -- Up-to-date: /home/utsavxth/ros2_ws/install/my_package/share/ament_index/resource_index/packages/my_package
[0.852s] -- Up-to-date: /home/utsavxth/ros2_ws/install/my_package/share/my_package/cmake/my_packageConfig.cmake
[0.852s] -- Up-to-date: /home/utsavxth/ros2_ws/install/my_package/share/my_package/cmake/my_packageConfig-version.cmake
[0.852s] -- Up-to-date: /home/utsavxth/ros2_ws/install/my_package/share/my_package/package.xml
[0.856s] Invoked command in '/home/utsavxth/ros2_ws/build/my_package' returned '0': CMAKE_PREFIX_PATH=${CMAKE_PREFIX_PATH}:/opt/ros/humble /usr/bin/cmake --install /home/utsavxth/ros2_ws/build/my_package
