[0.011s] Invoking command in '/home/utsavxth/ros2_ws/build/my_package': CMAKE_PREFIX_PATH=${CMAKE_PREFIX_PATH}:/opt/ros/humble /usr/bin/cmake --build /home/utsavxth/ros2_ws/build/my_package -- -j8 -l8
[0.048s] -- Found ament_cmake: 1.3.8 (/opt/ros/humble/share/ament_cmake/cmake)
[0.217s] -- Found rclcpp: 16.0.8 (/opt/ros/humble/share/rclcpp/cmake)
[0.277s] -- Found rosidl_generator_c: 3.1.5 (/opt/ros/humble/share/rosidl_generator_c/cmake)
[0.281s] -- Found rosidl_adapter: 3.1.5 (/opt/ros/humble/share/rosidl_adapter/cmake)
[0.288s] -- Found rosidl_generator_cpp: 3.1.5 (/opt/ros/humble/share/rosidl_generator_cpp/cmake)
[0.301s] -- Using all available rosidl_typesupport_c: rosidl_typesupport_fastrtps_c;rosidl_typesupport_introspection_c
[0.318s] -- Using all available rosidl_typesupport_cpp: rosidl_typesupport_fastrtps_cpp;rosidl_typesupport_introspection_cpp
[0.382s] -- Found rmw_implementation_cmake: 6.1.1 (/opt/ros/humble/share/rmw_implementation_cmake/cmake)
[0.384s] -- Found rmw_fastrtps_cpp: 6.2.6 (/opt/ros/humble/share/rmw_fastrtps_cpp/cmake)
[0.526s] -- Using RMW implementation 'rmw_fastrtps_cpp' as default
[0.678s] -- Found ament_lint_auto: 0.12.10 (/opt/ros/humble/share/ament_lint_auto/cmake)
[0.743s] -- Added test 'cppcheck' to perform static code analysis on C / C++ code
[0.743s] -- Configured cppcheck include dirs: $<BUILD_INTERFACE:/home/utsavxth/ros2_ws/src/my_package/include>
[0.743s] -- Configured cppcheck exclude dirs and/or files: 
[0.743s] -- Added test 'lint_cmake' to check CMake code style
[0.744s] -- Added test 'uncrustify' to check C / C++ code style
[0.744s] -- Configured uncrustify additional arguments: 
[0.744s] -- Added test 'xmllint' to check XML markup files
[0.745s] -- Configuring done
[0.759s] -- Generating done
[0.760s] -- Build files have been written to: /home/utsavxth/ros2_ws/build/my_package
[0.783s] [35m[1mConsolidate compiler generated dependencies of target my_node[0m
[0.784s] [35m[1mConsolidate compiler generated dependencies of target talker[0m
[0.792s] [ 16%] [32mBuilding CXX object CMakeFiles/listener.dir/src/subscriber.cpp.o[0m
[0.794s] [ 50%] Built target my_node
[0.801s] [ 66%] [32mBuilding CXX object CMakeFiles/talker.dir/src/publisher.cpp.o[0m
[4.931s] [ 83%] [32m[1mLinking CXX executable talker[0m
[5.126s] [ 83%] Built target talker
[8.563s] [100%] [32m[1mLinking CXX executable listener[0m
[8.906s] [100%] Built target listener
[8.916s] Invoked command in '/home/utsavxth/ros2_ws/build/my_package' returned '0': CMAKE_PREFIX_PATH=${CMAKE_PREFIX_PATH}:/opt/ros/humble /usr/bin/cmake --build /home/utsavxth/ros2_ws/build/my_package -- -j8 -l8
[8.953s] Invoking command in '/home/utsavxth/ros2_ws/build/my_package': CMAKE_PREFIX_PATH=${CMAKE_PREFIX_PATH}:/opt/ros/humble /usr/bin/cmake --install /home/utsavxth/ros2_ws/build/my_package
[8.959s] -- Install configuration: ""
[8.959s] -- Up-to-date: /home/utsavxth/ros2_ws/install/my_package/lib/my_package/my_node
[8.959s] -- Installing: /home/utsavxth/ros2_ws/install/my_package/lib/my_package/listener
[8.963s] -- Set runtime path of "/home/utsavxth/ros2_ws/install/my_package/lib/my_package/listener" to ""
[8.963s] -- Installing: /home/utsavxth/ros2_ws/install/my_package/lib/my_package/talker
[8.964s] -- Set runtime path of "/home/utsavxth/ros2_ws/install/my_package/lib/my_package/talker" to ""
[8.964s] -- Up-to-date: /home/utsavxth/ros2_ws/install/my_package/share/ament_index/resource_index/package_run_dependencies/my_package
[8.964s] -- Up-to-date: /home/utsavxth/ros2_ws/install/my_package/share/ament_index/resource_index/parent_prefix_path/my_package
[8.964s] -- Up-to-date: /home/utsavxth/ros2_ws/install/my_package/share/my_package/environment/ament_prefix_path.sh
[8.964s] -- Installing: /home/utsavxth/ros2_ws/install/my_package/share/my_package/environment/ament_prefix_path.dsv
[8.964s] -- Up-to-date: /home/utsavxth/ros2_ws/install/my_package/share/my_package/environment/path.sh
[8.964s] -- Installing: /home/utsavxth/ros2_ws/install/my_package/share/my_package/environment/path.dsv
[8.965s] -- Up-to-date: /home/utsavxth/ros2_ws/install/my_package/share/my_package/local_setup.bash
[8.965s] -- Up-to-date: /home/utsavxth/ros2_ws/install/my_package/share/my_package/local_setup.sh
[8.965s] -- Up-to-date: /home/utsavxth/ros2_ws/install/my_package/share/my_package/local_setup.zsh
[8.965s] -- Installing: /home/utsavxth/ros2_ws/install/my_package/share/my_package/local_setup.dsv
[8.965s] -- Installing: /home/utsavxth/ros2_ws/install/my_package/share/my_package/package.dsv
[8.965s] -- Up-to-date: /home/utsavxth/ros2_ws/install/my_package/share/ament_index/resource_index/packages/my_package
[8.965s] -- Up-to-date: /home/utsavxth/ros2_ws/install/my_package/share/my_package/cmake/my_packageConfig.cmake
[8.965s] -- Up-to-date: /home/utsavxth/ros2_ws/install/my_package/share/my_package/cmake/my_packageConfig-version.cmake
[8.965s] -- Up-to-date: /home/utsavxth/ros2_ws/install/my_package/share/my_package/package.xml
[8.967s] Invoked command in '/home/utsavxth/ros2_ws/build/my_package' returned '0': CMAKE_PREFIX_PATH=${CMAKE_PREFIX_PATH}:/opt/ros/humble /usr/bin/cmake --install /home/utsavxth/ros2_ws/build/my_package
