[0.009s] Invoking command in '/home/utsavxth/ros2_ws/build/my_package': CMAKE_PREFIX_PATH=${CMAKE_PREFIX_PATH}:/opt/ros/humble /usr/bin/cmake --build /home/utsavxth/ros2_ws/build/my_package -- -j8 -l8
[0.051s] -- Found ament_cmake: 1.3.8 (/opt/ros/humble/share/ament_cmake/cmake)
[0.145s] -- Found rclcpp: 16.0.8 (/opt/ros/humble/share/rclcpp/cmake)
[0.181s] -- Found rosidl_generator_c: 3.1.5 (/opt/ros/humble/share/rosidl_generator_c/cmake)
[0.183s] -- Found rosidl_adapter: 3.1.5 (/opt/ros/humble/share/rosidl_adapter/cmake)
[0.188s] -- Found rosidl_generator_cpp: 3.1.5 (/opt/ros/humble/share/rosidl_generator_cpp/cmake)
[0.198s] -- Using all available rosidl_typesupport_c: rosidl_typesupport_fastrtps_c;rosidl_typesupport_introspection_c
[0.212s] -- Using all available rosidl_typesupport_cpp: rosidl_typesupport_fastrtps_cpp;rosidl_typesupport_introspection_cpp
[0.259s] -- Found rmw_implementation_cmake: 6.1.1 (/opt/ros/humble/share/rmw_implementation_cmake/cmake)
[0.261s] -- Found rmw_fastrtps_cpp: 6.2.6 (/opt/ros/humble/share/rmw_fastrtps_cpp/cmake)
[0.360s] -- Using RMW implementation 'rmw_fastrtps_cpp' as default
[0.479s] -- Found example_interfaces: 0.9.3 (/opt/ros/humble/share/example_interfaces/cmake)
[0.579s] -- Found ament_lint_auto: 0.12.10 (/opt/ros/humble/share/ament_lint_auto/cmake)
[0.630s] -- Added test 'cppcheck' to perform static code analysis on C / C++ code
[0.630s] -- Configured cppcheck include dirs: $<BUILD_INTERFACE:/home/utsavxth/ros2_ws/src/my_package/include>
[0.630s] -- Configured cppcheck exclude dirs and/or files: 
[0.630s] -- Added test 'lint_cmake' to check CMake code style
[0.631s] -- Added test 'uncrustify' to check C / C++ code style
[0.631s] -- Configured uncrustify additional arguments: 
[0.631s] -- Added test 'xmllint' to check XML markup files
[0.632s] -- Configuring done
[0.648s] -- Generating done
[0.649s] -- Build files have been written to: /home/utsavxth/ros2_ws/build/my_package
[0.668s] [35m[1mConsolidate compiler generated dependencies of target listener[0m
[0.669s] [35m[1mConsolidate compiler generated dependencies of target my_node[0m
[0.670s] [35m[1mConsolidate compiler generated dependencies of target talker[0m
[0.674s] [ 10%] [32mBuilding CXX object CMakeFiles/server.dir/src/add_num_server.cpp.o[0m
[0.676s] [ 20%] [32mBuilding CXX object CMakeFiles/client.dir/src/client.cpp.o[0m
[0.677s] [ 40%] Built target my_node
[0.682s] [ 50%] [32mBuilding CXX object CMakeFiles/talker.dir/src/publisher.cpp.o[0m
[0.683s] [ 70%] Built target listener
[3.329s] [ 80%] [32m[1mLinking CXX executable server[0m
[3.397s] [ 90%] [32m[1mLinking CXX executable client[0m
[3.478s] [ 90%] Built target server
[3.526s] [ 90%] Built target client
[3.946s] [100%] [32m[1mLinking CXX executable talker[0m
[4.070s] [100%] Built target talker
[4.079s] Invoked command in '/home/utsavxth/ros2_ws/build/my_package' returned '0': CMAKE_PREFIX_PATH=${CMAKE_PREFIX_PATH}:/opt/ros/humble /usr/bin/cmake --build /home/utsavxth/ros2_ws/build/my_package -- -j8 -l8
[4.110s] Invoking command in '/home/utsavxth/ros2_ws/build/my_package': CMAKE_PREFIX_PATH=${CMAKE_PREFIX_PATH}:/opt/ros/humble /usr/bin/cmake --install /home/utsavxth/ros2_ws/build/my_package
[4.115s] -- Install configuration: ""
[4.115s] -- Up-to-date: /home/utsavxth/ros2_ws/install/my_package/lib/my_package/my_node
[4.115s] -- Up-to-date: /home/utsavxth/ros2_ws/install/my_package/lib/my_package/listener
[4.116s] -- Installing: /home/utsavxth/ros2_ws/install/my_package/lib/my_package/talker
[4.117s] -- Set runtime path of "/home/utsavxth/ros2_ws/install/my_package/lib/my_package/talker" to ""
[4.117s] -- Installing: /home/utsavxth/ros2_ws/install/my_package/lib/my_package/server
[4.118s] -- Set runtime path of "/home/utsavxth/ros2_ws/install/my_package/lib/my_package/server" to ""
[4.118s] -- Installing: /home/utsavxth/ros2_ws/install/my_package/lib/my_package/client
[4.118s] -- Set runtime path of "/home/utsavxth/ros2_ws/install/my_package/lib/my_package/client" to ""
[4.118s] -- Installing: /home/utsavxth/ros2_ws/install/my_package/share/ament_index/resource_index/package_run_dependencies/my_package
[4.118s] -- Up-to-date: /home/utsavxth/ros2_ws/install/my_package/share/ament_index/resource_index/parent_prefix_path/my_package
[4.119s] -- Up-to-date: /home/utsavxth/ros2_ws/install/my_package/share/my_package/environment/ament_prefix_path.sh
[4.119s] -- Installing: /home/utsavxth/ros2_ws/install/my_package/share/my_package/environment/ament_prefix_path.dsv
[4.119s] -- Up-to-date: /home/utsavxth/ros2_ws/install/my_package/share/my_package/environment/path.sh
[4.119s] -- Installing: /home/utsavxth/ros2_ws/install/my_package/share/my_package/environment/path.dsv
[4.119s] -- Up-to-date: /home/utsavxth/ros2_ws/install/my_package/share/my_package/local_setup.bash
[4.119s] -- Up-to-date: /home/utsavxth/ros2_ws/install/my_package/share/my_package/local_setup.sh
[4.119s] -- Up-to-date: /home/utsavxth/ros2_ws/install/my_package/share/my_package/local_setup.zsh
[4.119s] -- Installing: /home/utsavxth/ros2_ws/install/my_package/share/my_package/local_setup.dsv
[4.119s] -- Installing: /home/utsavxth/ros2_ws/install/my_package/share/my_package/package.dsv
[4.120s] -- Up-to-date: /home/utsavxth/ros2_ws/install/my_package/share/ament_index/resource_index/packages/my_package
[4.120s] -- Up-to-date: /home/utsavxth/ros2_ws/install/my_package/share/my_package/cmake/my_packageConfig.cmake
[4.120s] -- Up-to-date: /home/utsavxth/ros2_ws/install/my_package/share/my_package/cmake/my_packageConfig-version.cmake
[4.120s] -- Installing: /home/utsavxth/ros2_ws/install/my_package/share/my_package/package.xml
[4.121s] Invoked command in '/home/utsavxth/ros2_ws/build/my_package' returned '0': CMAKE_PREFIX_PATH=${CMAKE_PREFIX_PATH}:/opt/ros/humble /usr/bin/cmake --install /home/utsavxth/ros2_ws/build/my_package
