[0.009s] Invoking command in '/home/utsavxth/ros2_ws/build/my_package': CMAKE_PREFIX_PATH=${CMAKE_PREFIX_PATH}:/home/utsavxth/ros2_ws/install/robot_controller:/opt/ros/humble /usr/bin/cmake /home/utsavxth/ros2_ws/src/my_package -DCMAKE_INSTALL_PREFIX=/home/utsavxth/ros2_ws/install/my_package
[0.183s] -- The C compiler identification is GNU 11.4.0
[0.336s] -- The CXX compiler identification is GNU 11.4.0
[0.355s] -- Detecting C compiler ABI info
[0.481s] -- Detecting C compiler ABI info - done
[0.494s] -- Check for working C compiler: /usr/bin/cc - skipped
[0.495s] -- Detecting C compile features
[0.496s] -- Detecting C compile features - done
[0.501s] -- Detecting CXX compiler ABI info
[0.602s] -- Detecting CXX compiler ABI info - done
[0.613s] -- Check for working CXX compiler: /usr/bin/c++ - skipped
[0.614s] -- Detecting CXX compile features
[0.614s] -- Detecting CXX compile features - done
[0.625s] -- Found ament_cmake: 1.3.8 (/opt/ros/humble/share/ament_cmake/cmake)
[0.808s] -- Found Python3: /usr/bin/python3 (found version "3.10.12") found components: Interpreter 
[0.948s] -- Found ament_lint_auto: 0.12.10 (/opt/ros/humble/share/ament_lint_auto/cmake)
[1.059s] -- Added test 'cppcheck' to perform static code analysis on C / C++ code
[1.059s] -- Configured cppcheck include dirs: $<BUILD_INTERFACE:/home/utsavxth/ros2_ws/src/my_package/include>
[1.060s] -- Configured cppcheck exclude dirs and/or files: 
[1.061s] -- Added test 'lint_cmake' to check CMake code style
[1.063s] -- Added test 'uncrustify' to check C / C++ code style
[1.063s] -- Configured uncrustify additional arguments: 
[1.064s] -- Added test 'xmllint' to check XML markup files
[1.067s] -- Configuring done
[1.073s] -- Generating done
[1.075s] -- Build files have been written to: /home/utsavxth/ros2_ws/build/my_package
[1.081s] Invoked command in '/home/utsavxth/ros2_ws/build/my_package' returned '0': CMAKE_PREFIX_PATH=${CMAKE_PREFIX_PATH}:/home/utsavxth/ros2_ws/install/robot_controller:/opt/ros/humble /usr/bin/cmake /home/utsavxth/ros2_ws/src/my_package -DCMAKE_INSTALL_PREFIX=/home/utsavxth/ros2_ws/install/my_package
[1.085s] Invoking command in '/home/utsavxth/ros2_ws/build/my_package': CMAKE_PREFIX_PATH=${CMAKE_PREFIX_PATH}:/home/utsavxth/ros2_ws/install/robot_controller:/opt/ros/humble /usr/bin/cmake --build /home/utsavxth/ros2_ws/build/my_package -- -j8 -l8
[1.170s] [ 50%] [32mBuilding CXX object CMakeFiles/my_node.dir/src/my_node.cpp.o[0m
[1.231s] [100%] [32m[1mLinking CXX executable my_node[0m
[1.315s] [100%] Built target my_node
[1.337s] Invoked command in '/home/utsavxth/ros2_ws/build/my_package' returned '0': CMAKE_PREFIX_PATH=${CMAKE_PREFIX_PATH}:/home/utsavxth/ros2_ws/install/robot_controller:/opt/ros/humble /usr/bin/cmake --build /home/utsavxth/ros2_ws/build/my_package -- -j8 -l8
[1.399s] Invoking command in '/home/utsavxth/ros2_ws/build/my_package': CMAKE_PREFIX_PATH=${CMAKE_PREFIX_PATH}:/home/utsavxth/ros2_ws/install/robot_controller:/opt/ros/humble /usr/bin/cmake --install /home/utsavxth/ros2_ws/build/my_package
[1.412s] -- Install configuration: ""
[1.412s] -- Installing: /home/utsavxth/ros2_ws/install/my_package/lib/my_package/my_node
[1.413s] -- Installing: /home/utsavxth/ros2_ws/install/my_package/share/ament_index/resource_index/package_run_dependencies/my_package
[1.413s] -- Installing: /home/utsavxth/ros2_ws/install/my_package/share/ament_index/resource_index/parent_prefix_path/my_package
[1.413s] -- Installing: /home/utsavxth/ros2_ws/install/my_package/share/my_package/environment/ament_prefix_path.sh
[1.413s] -- Installing: /home/utsavxth/ros2_ws/install/my_package/share/my_package/environment/ament_prefix_path.dsv
[1.414s] -- Installing: /home/utsavxth/ros2_ws/install/my_package/share/my_package/environment/path.sh
[1.414s] -- Installing: /home/utsavxth/ros2_ws/install/my_package/share/my_package/environment/path.dsv
[1.414s] -- Installing: /home/utsavxth/ros2_ws/install/my_package/share/my_package/local_setup.bash
[1.414s] -- Installing: /home/utsavxth/ros2_ws/install/my_package/share/my_package/local_setup.sh
[1.414s] -- Installing: /home/utsavxth/ros2_ws/install/my_package/share/my_package/local_setup.zsh
[1.415s] -- Installing: /home/utsavxth/ros2_ws/install/my_package/share/my_package/local_setup.dsv
[1.415s] -- Installing: /home/utsavxth/ros2_ws/install/my_package/share/my_package/package.dsv
[1.415s] -- Installing: /home/utsavxth/ros2_ws/install/my_package/share/ament_index/resource_index/packages/my_package
[1.415s] -- Installing: /home/utsavxth/ros2_ws/install/my_package/share/my_package/cmake/my_packageConfig.cmake
[1.416s] -- Installing: /home/utsavxth/ros2_ws/install/my_package/share/my_package/cmake/my_packageConfig-version.cmake
[1.416s] -- Installing: /home/utsavxth/ros2_ws/install/my_package/share/my_package/package.xml
[1.419s] Invoked command in '/home/utsavxth/ros2_ws/build/my_package' returned '0': CMAKE_PREFIX_PATH=${CMAKE_PREFIX_PATH}:/home/utsavxth/ros2_ws/install/robot_controller:/opt/ros/humble /usr/bin/cmake --install /home/utsavxth/ros2_ws/build/my_package
