[0.014s] Invoking command in '/home/utsavxth/ros2_ws/build/my_package': CMAKE_PREFIX_PATH=${CMAKE_PREFIX_PATH}:/opt/ros/humble /usr/bin/cmake --build /home/utsavxth/ros2_ws/build/my_package -- -j8 -l8
[0.039s] -- Found ament_cmake: 1.3.8 (/opt/ros/humble/share/ament_cmake/cmake)
[0.189s] -- Found rclcpp: 16.0.8 (/opt/ros/humble/share/rclcpp/cmake)
[0.240s] -- Found rosidl_generator_c: 3.1.5 (/opt/ros/humble/share/rosidl_generator_c/cmake)
[0.244s] -- Found rosidl_adapter: 3.1.5 (/opt/ros/humble/share/rosidl_adapter/cmake)
[0.252s] -- Found rosidl_generator_cpp: 3.1.5 (/opt/ros/humble/share/rosidl_generator_cpp/cmake)
[0.263s] -- Using all available rosidl_typesupport_c: rosidl_typesupport_fastrtps_c;rosidl_typesupport_introspection_c
[0.279s] -- Using all available rosidl_typesupport_cpp: rosidl_typesupport_fastrtps_cpp;rosidl_typesupport_introspection_cpp
[0.340s] -- Found rmw_implementation_cmake: 6.1.1 (/opt/ros/humble/share/rmw_implementation_cmake/cmake)
[0.342s] -- Found rmw_fastrtps_cpp: 6.2.6 (/opt/ros/humble/share/rmw_fastrtps_cpp/cmake)
[0.436s] -- Found OpenSSL: /usr/lib/x86_64-linux-gnu/libcrypto.so (found version "3.0.2")  
[0.488s] -- Found FastRTPS: /opt/ros/humble/include  
[0.536s] -- Using RMW implementation 'rmw_fastrtps_cpp' as default
[0.544s] -- Looking for pthread.h
[0.656s] -- Looking for pthread.h - found
[0.657s] -- Performing Test CMAKE_HAVE_LIBC_PTHREAD
[0.791s] -- Performing Test CMAKE_HAVE_LIBC_PTHREAD - Success
[0.793s] -- Found Threads: TRUE  
[0.966s] -- Found ament_lint_auto: 0.12.10 (/opt/ros/humble/share/ament_lint_auto/cmake)
[1.049s] -- Added test 'cppcheck' to perform static code analysis on C / C++ code
[1.049s] -- Configured cppcheck include dirs: $<BUILD_INTERFACE:/home/utsavxth/ros2_ws/src/my_package/include>
[1.050s] -- Configured cppcheck exclude dirs and/or files: 
[1.050s] -- Added test 'lint_cmake' to check CMake code style
[1.050s] -- Added test 'uncrustify' to check C / C++ code style
[1.050s] -- Configured uncrustify additional arguments: 
[1.051s] -- Added test 'xmllint' to check XML markup files
[1.051s] -- Configuring done
[1.066s] -- Generating done
[1.069s] -- Build files have been written to: /home/utsavxth/ros2_ws/build/my_package
[1.113s] [35m[1mConsolidate compiler generated dependencies of target my_node[0m
[1.140s] [ 25%] [32mBuilding CXX object CMakeFiles/talker.dir/src/publisher.cpp.o[0m
[1.140s] [ 75%] Built target my_node
[5.159s] [100%] [32m[1mLinking CXX executable talker[0m
[5.416s] [100%] Built target talker
[5.428s] Invoked command in '/home/utsavxth/ros2_ws/build/my_package' returned '0': CMAKE_PREFIX_PATH=${CMAKE_PREFIX_PATH}:/opt/ros/humble /usr/bin/cmake --build /home/utsavxth/ros2_ws/build/my_package -- -j8 -l8
[5.468s] Invoking command in '/home/utsavxth/ros2_ws/build/my_package': CMAKE_PREFIX_PATH=${CMAKE_PREFIX_PATH}:/opt/ros/humble /usr/bin/cmake --install /home/utsavxth/ros2_ws/build/my_package
[5.480s] -- Install configuration: ""
[5.480s] -- Up-to-date: /home/utsavxth/ros2_ws/install/my_package/lib/my_package/my_node
[5.480s] -- Installing: /home/utsavxth/ros2_ws/install/my_package/lib/my_package/talker
[5.483s] -- Set runtime path of "/home/utsavxth/ros2_ws/install/my_package/lib/my_package/talker" to ""
[5.483s] -- Installing: /home/utsavxth/ros2_ws/install/my_package/share/ament_index/resource_index/package_run_dependencies/my_package
[5.483s] -- Up-to-date: /home/utsavxth/ros2_ws/install/my_package/share/ament_index/resource_index/parent_prefix_path/my_package
[5.483s] -- Up-to-date: /home/utsavxth/ros2_ws/install/my_package/share/my_package/environment/ament_prefix_path.sh
[5.484s] -- Installing: /home/utsavxth/ros2_ws/install/my_package/share/my_package/environment/ament_prefix_path.dsv
[5.484s] -- Up-to-date: /home/utsavxth/ros2_ws/install/my_package/share/my_package/environment/path.sh
[5.484s] -- Installing: /home/utsavxth/ros2_ws/install/my_package/share/my_package/environment/path.dsv
[5.484s] -- Up-to-date: /home/utsavxth/ros2_ws/install/my_package/share/my_package/local_setup.bash
[5.484s] -- Up-to-date: /home/utsavxth/ros2_ws/install/my_package/share/my_package/local_setup.sh
[5.484s] -- Up-to-date: /home/utsavxth/ros2_ws/install/my_package/share/my_package/local_setup.zsh
[5.485s] -- Installing: /home/utsavxth/ros2_ws/install/my_package/share/my_package/local_setup.dsv
[5.485s] -- Installing: /home/utsavxth/ros2_ws/install/my_package/share/my_package/package.dsv
[5.485s] -- Up-to-date: /home/utsavxth/ros2_ws/install/my_package/share/ament_index/resource_index/packages/my_package
[5.485s] -- Up-to-date: /home/utsavxth/ros2_ws/install/my_package/share/my_package/cmake/my_packageConfig.cmake
[5.485s] -- Up-to-date: /home/utsavxth/ros2_ws/install/my_package/share/my_package/cmake/my_packageConfig-version.cmake
[5.485s] -- Installing: /home/utsavxth/ros2_ws/install/my_package/share/my_package/package.xml
[5.488s] Invoked command in '/home/utsavxth/ros2_ws/build/my_package' returned '0': CMAKE_PREFIX_PATH=${CMAKE_PREFIX_PATH}:/opt/ros/humble /usr/bin/cmake --install /home/utsavxth/ros2_ws/build/my_package
