[0.010s] Invoking command in '/home/utsavxth/ros2_ws/build/my_package': CMAKE_PREFIX_PATH=${CMAKE_PREFIX_PATH}:/opt/ros/humble /usr/bin/cmake --build /home/utsavxth/ros2_ws/build/my_package -- -j8 -l8
[0.034s] -- Found ament_cmake: 1.3.8 (/opt/ros/humble/share/ament_cmake/cmake)
[0.197s] -- Found rclcpp: 16.0.8 (/opt/ros/humble/share/rclcpp/cmake)
[0.226s] -- Found rosidl_generator_c: 3.1.5 (/opt/ros/humble/share/rosidl_generator_c/cmake)
[0.228s] -- Found rosidl_adapter: 3.1.5 (/opt/ros/humble/share/rosidl_adapter/cmake)
[0.234s] -- Found rosidl_generator_cpp: 3.1.5 (/opt/ros/humble/share/rosidl_generator_cpp/cmake)
[0.244s] -- Using all available rosidl_typesupport_c: rosidl_typesupport_fastrtps_c;rosidl_typesupport_introspection_c
[0.258s] -- Using all available rosidl_typesupport_cpp: rosidl_typesupport_fastrtps_cpp;rosidl_typesupport_introspection_cpp
[0.308s] -- Found rmw_implementation_cmake: 6.1.1 (/opt/ros/humble/share/rmw_implementation_cmake/cmake)
[0.310s] -- Found rmw_fastrtps_cpp: 6.2.6 (/opt/ros/humble/share/rmw_fastrtps_cpp/cmake)
[0.427s] -- Using RMW implementation 'rmw_fastrtps_cpp' as default
[0.567s] -- Found ament_lint_auto: 0.12.10 (/opt/ros/humble/share/ament_lint_auto/cmake)
[0.640s] -- Added test 'cppcheck' to perform static code analysis on C / C++ code
[0.640s] -- Configured cppcheck include dirs: $<BUILD_INTERFACE:/home/utsavxth/ros2_ws/src/my_package/include>
[0.640s] -- Configured cppcheck exclude dirs and/or files: 
[0.640s] -- Added test 'lint_cmake' to check CMake code style
[0.641s] -- Added test 'uncrustify' to check C / C++ code style
[0.641s] -- Configured uncrustify additional arguments: 
[0.642s] -- Added test 'xmllint' to check XML markup files
[0.643s] -- Configuring done
[0.655s] -- Generating done
[0.658s] -- Build files have been written to: /home/utsavxth/ros2_ws/build/my_package
[0.698s] [35m[1mConsolidate compiler generated dependencies of target my_node[0m
[0.699s] [35m[1mConsolidate compiler generated dependencies of target talker[0m
[0.716s] [ 50%] Built target my_node
[0.726s] [100%] Built target talker
[0.737s] Invoked command in '/home/utsavxth/ros2_ws/build/my_package' returned '0': CMAKE_PREFIX_PATH=${CMAKE_PREFIX_PATH}:/opt/ros/humble /usr/bin/cmake --build /home/utsavxth/ros2_ws/build/my_package -- -j8 -l8
[0.803s] Invoking command in '/home/utsavxth/ros2_ws/build/my_package': CMAKE_PREFIX_PATH=${CMAKE_PREFIX_PATH}:/opt/ros/humble /usr/bin/cmake --install /home/utsavxth/ros2_ws/build/my_package
[0.817s] -- Install configuration: ""
[0.818s] -- Up-to-date: /home/utsavxth/ros2_ws/install/my_package/lib/my_package/my_node
[0.818s] -- Up-to-date: /home/utsavxth/ros2_ws/install/my_package/lib/my_package/talker
[0.818s] -- Up-to-date: /home/utsavxth/ros2_ws/install/my_package/share/ament_index/resource_index/package_run_dependencies/my_package
[0.818s] -- Up-to-date: /home/utsavxth/ros2_ws/install/my_package/share/ament_index/resource_index/parent_prefix_path/my_package
[0.818s] -- Up-to-date: /home/utsavxth/ros2_ws/install/my_package/share/my_package/environment/ament_prefix_path.sh
[0.819s] -- Installing: /home/utsavxth/ros2_ws/install/my_package/share/my_package/environment/ament_prefix_path.dsv
[0.819s] -- Up-to-date: /home/utsavxth/ros2_ws/install/my_package/share/my_package/environment/path.sh
[0.819s] -- Installing: /home/utsavxth/ros2_ws/install/my_package/share/my_package/environment/path.dsv
[0.819s] -- Up-to-date: /home/utsavxth/ros2_ws/install/my_package/share/my_package/local_setup.bash
[0.819s] -- Up-to-date: /home/utsavxth/ros2_ws/install/my_package/share/my_package/local_setup.sh
[0.819s] -- Up-to-date: /home/utsavxth/ros2_ws/install/my_package/share/my_package/local_setup.zsh
[0.820s] -- Installing: /home/utsavxth/ros2_ws/install/my_package/share/my_package/local_setup.dsv
[0.820s] -- Installing: /home/utsavxth/ros2_ws/install/my_package/share/my_package/package.dsv
[0.820s] -- Up-to-date: /home/utsavxth/ros2_ws/install/my_package/share/ament_index/resource_index/packages/my_package
[0.820s] -- Up-to-date: /home/utsavxth/ros2_ws/install/my_package/share/my_package/cmake/my_packageConfig.cmake
[0.820s] -- Up-to-date: /home/utsavxth/ros2_ws/install/my_package/share/my_package/cmake/my_packageConfig-version.cmake
[0.820s] -- Up-to-date: /home/utsavxth/ros2_ws/install/my_package/share/my_package/package.xml
[0.824s] Invoked command in '/home/utsavxth/ros2_ws/build/my_package' returned '0': CMAKE_PREFIX_PATH=${CMAKE_PREFIX_PATH}:/opt/ros/humble /usr/bin/cmake --install /home/utsavxth/ros2_ws/build/my_package
